[debug] [2025-03-26T17:43:05.883Z] ----------------------------------------------------------------------
[debug] [2025-03-26T17:43:05.887Z] Command:       C:\Users\event\DOWNLO~1\firebase-win.exe C:\Users\event\.cache\firebase\tools\lib\node_modules\firebase-tools\lib\bin\firebase deploy
[debug] [2025-03-26T17:43:05.887Z] CLI Version:   13.35.1
[debug] [2025-03-26T17:43:05.887Z] Platform:      win32
[debug] [2025-03-26T17:43:05.888Z] Node Version:  v18.5.0
[debug] [2025-03-26T17:43:05.888Z] Time:          Wed Mar 26 2025 13:43:05 GMT-0400 (Eastern Daylight Time)
[debug] [2025-03-26T17:43:05.888Z] ----------------------------------------------------------------------
[debug] 
[debug] [2025-03-26T17:43:06.231Z] > command requires scopes: ["email","openid","https://www.googleapis.com/auth/cloudplatformprojects.readonly","https://www.googleapis.com/auth/firebase","https://www.googleapis.com/auth/cloud-platform"]
[debug] [2025-03-26T17:43:06.232Z] > authorizing via signed-in user (gqshanahan42@gmail.com)
[debug] [2025-03-26T17:43:06.232Z] [iam] checking project pocketproverbs-443e6 for permissions ["firebase.projects.get","firebasehosting.sites.update"]
[debug] [2025-03-26T17:43:06.235Z] Checked if tokens are valid: true, expires at: 1743012171904
[debug] [2025-03-26T17:43:06.235Z] Checked if tokens are valid: true, expires at: 1743012171904
[debug] [2025-03-26T17:43:06.237Z] >>> [apiv2][query] POST https://cloudresourcemanager.googleapis.com/v1/projects/pocketproverbs-443e6:testIamPermissions [none]
[debug] [2025-03-26T17:43:06.237Z] >>> [apiv2][(partial)header] POST https://cloudresourcemanager.googleapis.com/v1/projects/pocketproverbs-443e6:testIamPermissions x-goog-quota-user=projects/pocketproverbs-443e6
[debug] [2025-03-26T17:43:06.237Z] >>> [apiv2][body] POST https://cloudresourcemanager.googleapis.com/v1/projects/pocketproverbs-443e6:testIamPermissions {"permissions":["firebase.projects.get","firebasehosting.sites.update"]}
[debug] [2025-03-26T17:43:06.477Z] <<< [apiv2][status] POST https://cloudresourcemanager.googleapis.com/v1/projects/pocketproverbs-443e6:testIamPermissions 200
[debug] [2025-03-26T17:43:06.478Z] <<< [apiv2][body] POST https://cloudresourcemanager.googleapis.com/v1/projects/pocketproverbs-443e6:testIamPermissions {"permissions":["firebase.projects.get","firebasehosting.sites.update"]}
[debug] [2025-03-26T17:43:06.479Z] Checked if tokens are valid: true, expires at: 1743012171904
[debug] [2025-03-26T17:43:06.480Z] Checked if tokens are valid: true, expires at: 1743012171904
[debug] [2025-03-26T17:43:06.481Z] >>> [apiv2][query] GET https://firebase.googleapis.com/v1beta1/projects/pocketproverbs-443e6 [none]
[debug] [2025-03-26T17:43:06.904Z] <<< [apiv2][status] GET https://firebase.googleapis.com/v1beta1/projects/pocketproverbs-443e6 200
[debug] [2025-03-26T17:43:06.905Z] <<< [apiv2][body] GET https://firebase.googleapis.com/v1beta1/projects/pocketproverbs-443e6 {"projectId":"pocketproverbs-443e6","projectNumber":"826760888192","displayName":"PocketProverbs","name":"projects/pocketproverbs-443e6","resources":{"hostingSite":"pocketproverbs-443e6"},"state":"ACTIVE","etag":"1_92cd3cd5-80a6-4925-810b-d72914b3775d"}
[info] 
[info] === Deploying to 'pocketproverbs-443e6'...
[info] 
[info] i  deploying hosting 
[debug] [2025-03-26T17:43:06.918Z] Checked if tokens are valid: true, expires at: 1743012171904
[debug] [2025-03-26T17:43:06.919Z] Checked if tokens are valid: true, expires at: 1743012171904
[debug] [2025-03-26T17:43:06.919Z] >>> [apiv2][query] POST https://firebasehosting.googleapis.com/v1beta1/projects/-/sites/pocketproverbs-443e6/versions [none]
[debug] [2025-03-26T17:43:06.919Z] >>> [apiv2][body] POST https://firebasehosting.googleapis.com/v1beta1/projects/-/sites/pocketproverbs-443e6/versions {"status":"CREATED","labels":{"deployment-tool":"cli-firebase"}}
[debug] [2025-03-26T17:43:07.507Z] <<< [apiv2][status] POST https://firebasehosting.googleapis.com/v1beta1/projects/-/sites/pocketproverbs-443e6/versions 200
[debug] [2025-03-26T17:43:07.508Z] <<< [apiv2][body] POST https://firebasehosting.googleapis.com/v1beta1/projects/-/sites/pocketproverbs-443e6/versions {"name":"projects/826760888192/sites/pocketproverbs-443e6/versions/c918ef6c01ec70e6","status":"CREATED","config":{},"labels":{"deployment-tool":"cli-firebase"}}
[info] i  hosting[pocketproverbs-443e6]: beginning deploy... 
[info] i  hosting[pocketproverbs-443e6]: found 7 files in public 
[debug] [2025-03-26T17:43:07.542Z] [hosting] uploading with 200 concurrency
[debug] [2025-03-26T17:43:07.553Z] Checked if tokens are valid: true, expires at: 1743012171904
[debug] [2025-03-26T17:43:07.553Z] Checked if tokens are valid: true, expires at: 1743012171904
[debug] [2025-03-26T17:43:07.556Z] [hosting] hash cache [cHVibGlj] stored for 7 files
[debug] [2025-03-26T17:43:07.556Z] [hosting][hash queue][FINAL] {"max":2,"min":0,"avg":0,"active":0,"complete":7,"success":7,"errored":0,"retried":0,"total":7,"elapsed":9}
[debug] [2025-03-26T17:43:07.557Z] >>> [apiv2][query] POST https://firebasehosting.googleapis.com/v1beta1/projects/826760888192/sites/pocketproverbs-443e6/versions/c918ef6c01ec70e6:populateFiles [none]
[debug] [2025-03-26T17:43:07.558Z] >>> [apiv2][body] POST https://firebasehosting.googleapis.com/v1beta1/projects/826760888192/sites/pocketproverbs-443e6/versions/c918ef6c01ec70e6:populateFiles {"files":{"/profile.html":"d6e457ea32e99da77f4529b6c8251a6edd62c6c628509d2675bf2fa46bd05484","/login.html":"f0fa129fe514605d7dd04b4162e2bd8a933bec386014ef4d3272cf9dfc3e39fe","/index.html":"897212626840c41f0c4e1540491b8f072eebe343e931a197a4a5a5eff18c35f3","/js/login.js":"7cc1454557560a9c283476bed7459d0e8d79a9852ba6bed0372e488ed09724ef","/js/firebase.js":"b4612291cf12c4ceb850de19cd2ad477869f39768d4e7422a5dec9de067e031f","/js/dashboard.js":"c5bf993f37e75d3113a2d2b21ba8f9d65e84445120b1434bd3671b25415027a2","/js/authCheck.js":"694f678b193f47627a27fc55186e0f5ba4fe6e76e55a064934758ac7b861de8d"}}
[debug] [2025-03-26T17:43:07.813Z] <<< [apiv2][status] POST https://firebasehosting.googleapis.com/v1beta1/projects/826760888192/sites/pocketproverbs-443e6/versions/c918ef6c01ec70e6:populateFiles 200
[debug] [2025-03-26T17:43:07.813Z] <<< [apiv2][body] POST https://firebasehosting.googleapis.com/v1beta1/projects/826760888192/sites/pocketproverbs-443e6/versions/c918ef6c01ec70e6:populateFiles {"uploadUrl":"https://upload-firebasehosting.googleapis.com/upload/sites/pocketproverbs-443e6/versions/c918ef6c01ec70e6/files"}
[debug] [2025-03-26T17:43:07.813Z] [hosting][populate queue][FINAL] {"max":261,"min":261,"avg":261,"active":0,"complete":1,"success":1,"errored":0,"retried":0,"total":1,"elapsed":261}
[debug] [2025-03-26T17:43:07.813Z] [hosting] uploads queued: 0
[debug] [2025-03-26T17:43:07.813Z] [hosting][upload queue][FINAL] {"max":0,"min":9999999999,"avg":0,"active":0,"complete":0,"success":0,"errored":0,"retried":0,"total":0,"elapsed":1743010987813}
[info] +  hosting[pocketproverbs-443e6]: file upload complete 
[debug] [2025-03-26T17:43:07.815Z] [hosting] deploy completed after 303ms
[debug] [2025-03-26T17:43:07.815Z] [
  {
    "config": {
      "public": "public",
      "ignore": [
        "firebase.json",
        "**/.*",
        "**/node_modules/**"
      ],
      "rewrites": [
        {
          "source": "/profile.html",
          "destination": "/profile.html"
        },
        {
          "source": "/login.html",
          "destination": "/login.html"
        },
        {
          "source": "**",
          "destination": "/index.html"
        }
      ],
      "site": "pocketproverbs-443e6"
    },
    "version": "projects/826760888192/sites/pocketproverbs-443e6/versions/c918ef6c01ec70e6"
  }
]
[info] i  hosting[pocketproverbs-443e6]: finalizing version... 
[debug] [2025-03-26T17:43:07.818Z] Checked if tokens are valid: true, expires at: 1743012171904
[debug] [2025-03-26T17:43:07.818Z] Checked if tokens are valid: true, expires at: 1743012171904
[debug] [2025-03-26T17:43:07.819Z] >>> [apiv2][query] PATCH https://firebasehosting.googleapis.com/v1beta1/projects/-/sites/pocketproverbs-443e6/versions/c918ef6c01ec70e6 updateMask=status%2Cconfig
[debug] [2025-03-26T17:43:07.819Z] >>> [apiv2][body] PATCH https://firebasehosting.googleapis.com/v1beta1/projects/-/sites/pocketproverbs-443e6/versions/c918ef6c01ec70e6 {"status":"FINALIZED","config":{"rewrites":[{"glob":"/profile.html","path":"/profile.html"},{"glob":"/login.html","path":"/login.html"},{"glob":"**","path":"/index.html"}]}}
[debug] [2025-03-26T17:43:08.122Z] <<< [apiv2][status] PATCH https://firebasehosting.googleapis.com/v1beta1/projects/-/sites/pocketproverbs-443e6/versions/c918ef6c01ec70e6 200
[debug] [2025-03-26T17:43:08.122Z] <<< [apiv2][body] PATCH https://firebasehosting.googleapis.com/v1beta1/projects/-/sites/pocketproverbs-443e6/versions/c918ef6c01ec70e6 {"name":"projects/826760888192/sites/pocketproverbs-443e6/versions/c918ef6c01ec70e6","status":"FINALIZED","config":{"rewrites":[{"glob":"/profile.html","path":"/profile.html"},{"glob":"/login.html","path":"/login.html"},{"glob":"**","path":"/index.html"}]},"labels":{"deployment-tool":"cli-firebase"},"createTime":"2025-03-26T17:43:07.176021Z","createUser":{"email":"gqshanahan42@gmail.com"},"finalizeTime":"2025-03-26T17:43:08.139018Z","finalizeUser":{"email":"gqshanahan42@gmail.com"}}
[debug] [2025-03-26T17:43:08.122Z] [hosting] finalized version for pocketproverbs-443e6:[object Object]
[info] +  hosting[pocketproverbs-443e6]: version finalized 
[info] i  hosting[pocketproverbs-443e6]: releasing new version... 
[debug] [2025-03-26T17:43:08.123Z] Checked if tokens are valid: true, expires at: 1743012171904
[debug] [2025-03-26T17:43:08.123Z] Checked if tokens are valid: true, expires at: 1743012171904
[debug] [2025-03-26T17:43:08.124Z] >>> [apiv2][query] POST https://firebasehosting.googleapis.com/v1beta1/projects/-/sites/pocketproverbs-443e6/channels/live/releases versionName=projects%2F826760888192%2Fsites%2Fpocketproverbs-443e6%2Fversions%2Fc918ef6c01ec70e6
[debug] [2025-03-26T17:43:08.124Z] >>> [apiv2][body] POST https://firebasehosting.googleapis.com/v1beta1/projects/-/sites/pocketproverbs-443e6/channels/live/releases {}
[debug] [2025-03-26T17:43:08.532Z] <<< [apiv2][status] POST https://firebasehosting.googleapis.com/v1beta1/projects/-/sites/pocketproverbs-443e6/channels/live/releases 200
[debug] [2025-03-26T17:43:08.532Z] <<< [apiv2][body] POST https://firebasehosting.googleapis.com/v1beta1/projects/-/sites/pocketproverbs-443e6/channels/live/releases {"name":"projects/826760888192/sites/pocketproverbs-443e6/channels/live/releases/1743010987944000","version":{"name":"projects/826760888192/sites/pocketproverbs-443e6/versions/c918ef6c01ec70e6","status":"FINALIZED","config":{"rewrites":[{"glob":"/profile.html","path":"/profile.html"},{"glob":"/login.html","path":"/login.html"},{"glob":"**","path":"/index.html"}]},"labels":{"deployment-tool":"cli-firebase"},"createTime":"2025-03-26T17:43:07.176021Z","createUser":{"email":"gqshanahan42@gmail.com","imageUrl":"https://lh3.googleusercontent.com/a/ACg8ocJphFugorE2sybN4wqlNpGbDZONQnlVmh8Ya9QuBZY0xT6PuA=mo"},"finalizeTime":"2025-03-26T17:43:08.139018Z","finalizeUser":{"email":"gqshanahan42@gmail.com","imageUrl":"https://lh3.googleusercontent.com/a/ACg8ocJphFugorE2sybN4wqlNpGbDZONQnlVmh8Ya9QuBZY0xT6PuA=mo"}},"type":"DEPLOY","releaseTime":"2025-03-26T17:43:07.944Z","releaseUser":{"email":"gqshanahan42@gmail.com","imageUrl":"https://lh3.googleusercontent.com/a/ACg8ocJphFugorE2sybN4wqlNpGbDZONQnlVmh8Ya9QuBZY0xT6PuA=mo"}}
[debug] [2025-03-26T17:43:08.532Z] [hosting] release: {"name":"projects/826760888192/sites/pocketproverbs-443e6/channels/live/releases/1743010987944000","version":{"name":"projects/826760888192/sites/pocketproverbs-443e6/versions/c918ef6c01ec70e6","status":"FINALIZED","config":{"rewrites":[{"glob":"/profile.html","path":"/profile.html"},{"glob":"/login.html","path":"/login.html"},{"glob":"**","path":"/index.html"}]},"labels":{"deployment-tool":"cli-firebase"},"createTime":"2025-03-26T17:43:07.176021Z","createUser":{"email":"gqshanahan42@gmail.com","imageUrl":"https://lh3.googleusercontent.com/a/ACg8ocJphFugorE2sybN4wqlNpGbDZONQnlVmh8Ya9QuBZY0xT6PuA=mo"},"finalizeTime":"2025-03-26T17:43:08.139018Z","finalizeUser":{"email":"gqshanahan42@gmail.com","imageUrl":"https://lh3.googleusercontent.com/a/ACg8ocJphFugorE2sybN4wqlNpGbDZONQnlVmh8Ya9QuBZY0xT6PuA=mo"}},"type":"DEPLOY","releaseTime":"2025-03-26T17:43:07.944Z","releaseUser":{"email":"gqshanahan42@gmail.com","imageUrl":"https://lh3.googleusercontent.com/a/ACg8ocJphFugorE2sybN4wqlNpGbDZONQnlVmh8Ya9QuBZY0xT6PuA=mo"}}
[info] +  hosting[pocketproverbs-443e6]: release complete 
[info] 
[info] +  Deploy complete! 
[info] 
[info] Project Console: https://console.firebase.google.com/project/pocketproverbs-443e6/overview
[info] Hosting URL: https://pocketproverbs-443e6.web.app
[debug] [2025-03-26T17:43:13.691Z] Error: Timed out.
    at Timeout._onTimeout (C:\Users\event\.cache\firebase\tools\lib\node_modules\firebase-tools\lib\utils.js:269:49)
    at listOnTimeout (node:internal/timers:564:17)
    at process.processTimers (node:internal/timers:507:7)
[error] 
[error] Error: An unexpected error has occurred.
